$ pwd
/home/t-nissie/abinit/BaTiO3-phonon/BaTiO3-phonon-15-4.000-8x8x8-ecut40-5.6.2-appc-ifort
0.00 0.00 0.00 $ tail -324 perovskite-Gamma_o_DS3_DDB | ./diagonalize15x15
 1a -2.755271    -0.163  0.000  0.001    -0.772  0.000  0.004     0.563 -0.000 -0.001     0.175 -0.000 -0.001     0.175 -0.000 -0.003
 2a -2.755271    -0.001  0.000 -0.163    -0.004  0.000 -0.772     0.003 -0.000  0.175     0.001 -0.000  0.175     0.001 -0.000  0.563
 3a -2.755249     0.000  0.163  0.000     0.000  0.772  0.000    -0.000 -0.175 -0.000    -0.000 -0.563 -0.000    -0.000 -0.175 -0.000
 4  -0.019173     0.000 -0.443  0.000     0.000 -0.441  0.000     0.000 -0.450  0.000     0.000 -0.453  0.000     0.000 -0.450  0.000
 5  -0.019138     0.443  0.000 -0.009     0.441  0.000 -0.009     0.452  0.000 -0.009     0.450  0.000 -0.009     0.450  0.000 -0.009
 6  -0.019138     0.009  0.000  0.443     0.009  0.000  0.441     0.009  0.000  0.450     0.009  0.000  0.450     0.009  0.000  0.452
 7   2.713846     0.000  0.000 -0.000     0.000  0.000 -0.000    -0.000 -0.000  0.707     0.000 -0.000 -0.707    -0.000  0.000 -0.000
 8   2.713846     0.000  0.000 -0.000     0.000  0.000 -0.000     0.000 -0.000 -0.000     0.707 -0.000  0.000    -0.707  0.000  0.000
 9   2.713846    -0.000 -0.000  0.000    -0.000 -0.000  0.000     0.000  0.707  0.000     0.000  0.000 -0.000    -0.000 -0.707  0.000
10   4.275906    -0.000 -0.856  0.000     0.000  0.286 -0.000    -0.000  0.303 -0.000     0.000 -0.043 -0.000     0.000  0.303  0.000
11   4.275915    -0.855  0.000  0.044     0.286 -0.000 -0.015    -0.043 -0.000 -0.015     0.302  0.000 -0.015     0.302 -0.000  0.002
12   4.275915     0.044  0.000  0.855    -0.015 -0.000 -0.286     0.002 -0.000 -0.302    -0.015  0.000 -0.302    -0.015 -0.000  0.043
13   7.995963     0.013  0.000 -0.211    -0.021 -0.000  0.358    -0.041  0.000 -0.418     0.025 -0.000 -0.418     0.025  0.000  0.689
14   7.995963    -0.211  0.000 -0.013     0.358 -0.000  0.021     0.689  0.000 -0.025    -0.418 -0.000 -0.025    -0.418  0.000  0.041
15   7.995985     0.000  0.211  0.000    -0.000 -0.358 -0.000    -0.000  0.419  0.000     0.000 -0.690  0.000     0.000  0.419 -0.000
0.50 0.50 0.00 $ tail -225 perovskite-M_o_DS1_DDB     | ./diagonalize15x15
 1d -1.965852     0.000 -0.000  0.000    -0.000  0.000 -0.866    -0.000  0.000  0.000     0.000 -0.000  0.000     0.000  0.000  0.499
 2   1.471719     0.000  0.000  0.000     0.000  0.000  0.000    -0.000  0.707  0.000    -0.707  0.000  0.000     0.000  0.000  0.000
 3   2.253627    -0.574 -0.000 -0.000    -0.000 -0.418 -0.000    -0.000  0.000  0.000    -0.000  0.000  0.000    -0.000 -0.704  0.000
 4   2.253643    -0.000  0.574  0.000     0.418 -0.000 -0.000    -0.000 -0.000  0.000     0.000  0.000  0.000     0.704 -0.000  0.000
 5   3.165720    -0.000 -0.000 -1.000     0.000  0.000 -0.000    -0.000 -0.000  0.000    -0.000  0.000  0.000     0.000  0.000  0.000
 6   3.893913     0.000 -0.716  0.000    -0.161  0.000 -0.000     0.000 -0.000 -0.000     0.000 -0.000  0.000     0.679 -0.000 -0.000
 7   3.893916     0.716  0.000 -0.000     0.000  0.161 -0.000     0.000  0.000  0.000     0.000 -0.000 -0.000    -0.000 -0.679 -0.000
 8   4.111156     0.000 -0.000  0.000    -0.000  0.000 -0.000     0.000 -0.000  1.000    -0.000 -0.000  0.011     0.000  0.000 -0.000
 9   4.111156    -0.000 -0.000 -0.000    -0.000 -0.000  0.000     0.000 -0.000  0.011    -0.000 -0.000 -1.000     0.000  0.000  0.000
10   4.607596    -0.000  0.000 -0.000     0.000 -0.000  0.000     0.707  0.000 -0.000     0.000 -0.707  0.000     0.000  0.000  0.000
11   4.977514    -0.000  0.000 -0.000     0.000 -0.000 -0.499     0.000  0.000 -0.000     0.000 -0.000 -0.000    -0.000 -0.000 -0.866
12   7.227812     0.000 -0.000  0.000     0.000 -0.000 -0.000     0.000 -0.707 -0.000    -0.707 -0.000  0.000    -0.000  0.000 -0.000
13  16.449172    -0.000 -0.000  0.000     0.000  0.000 -0.000     0.707 -0.000  0.000    -0.000  0.707  0.000    -0.000 -0.000  0.000
14e 18.538530     0.000 -0.398 -0.000     0.894 -0.000  0.000    -0.000  0.000  0.000     0.000 -0.000 -0.000    -0.207  0.000  0.000
15e 18.538543    -0.398 -0.000 -0.000     0.000  0.894  0.000    -0.000 -0.000  0.000    -0.000 -0.000 -0.000    -0.000 -0.207  0.000
0.50 0.50 0.50 $ tail -225 perovskite-R_o_DS1_DDB     | ./diagonalize15x15
 1   1.120984     0.000 -0.000  0.000     0.000 -0.000  0.000    -0.000  0.684 -0.165    -0.684  0.000 -0.070     0.165  0.070  0.000
 2   1.120984    -0.000  0.000 -0.000    -0.000  0.000  0.000     0.000 -0.067  0.018     0.067 -0.000 -0.704    -0.018  0.704 -0.000
 3   1.120984     0.000  0.000  0.000     0.000 -0.000 -0.000    -0.000  0.166  0.687    -0.166  0.000  0.002    -0.687 -0.002  0.000
 4   3.672606     0.000  0.000  0.000    -0.000  0.000  0.000     0.338 -0.000 -0.000    -0.000  0.475  0.000    -0.000  0.000 -0.813
 5   3.672606    -0.000 -0.000 -0.000     0.000 -0.000 -0.000    -0.743  0.000  0.000     0.000  0.664 -0.000     0.000 -0.000  0.079
 6   4.931848    -0.721 -0.693 -0.000     0.000  0.000  0.000     0.000  0.000  0.014     0.000 -0.000  0.014     0.014  0.014 -0.000
 7   4.931848     0.693 -0.721  0.000     0.000 -0.000 -0.000    -0.000 -0.000  0.014    -0.000  0.000 -0.014     0.014 -0.014  0.000
 8   4.931848    -0.000 -0.000  1.000    -0.000  0.000  0.000    -0.000 -0.020  0.000    -0.020  0.000  0.000     0.000  0.000  0.000
 9   5.967752     0.000 -0.000  0.028     0.000 -0.000  0.000     0.000  0.707 -0.000     0.707 -0.000  0.000    -0.000  0.000 -0.000
10   5.967753    -0.028 -0.005  0.000    -0.000  0.000  0.000     0.000  0.000 -0.119     0.000 -0.000 -0.697    -0.119 -0.697 -0.000
11   5.967753     0.005 -0.028 -0.000    -0.000 -0.000 -0.000    -0.000 -0.000 -0.697    -0.000  0.000  0.119    -0.697  0.119  0.000
12f 15.574949     0.000 -0.000 -0.000    -0.708  0.500  0.499     0.000  0.000  0.000     0.000  0.000  0.000     0.000  0.000  0.000
13f 15.574949     0.000 -0.000 -0.000    -0.001 -0.707  0.707     0.000 -0.000  0.000    -0.000  0.000  0.000     0.000 -0.000  0.000
14f 15.574949     0.000  0.000  0.000     0.707  0.500  0.501     0.000 -0.000 -0.000    -0.000  0.000 -0.000    -0.000 -0.000  0.000
15  18.116288    -0.000 -0.000 -0.000     0.000 -0.000 -0.000     0.577  0.000  0.000     0.000  0.577 -0.000     0.000 -0.000  0.577
0.25 0.25 0.00 $ tail -225 perovskite-Sigma_o_DS1_DDB | ./diagonalize15x15
 1  -2.249805   -0.00 0.00 -0.00-0.00 -0.10-0.00   -0.00 0.00 -0.00 0.00  0.00-0.82    0.00 0.00 -0.00-0.00  0.08 0.08    0.00 0.00 -0.00-0.00  0.08 0.08   -0.00 0.00 -0.00 0.00 -0.00 0.54
 2   0.996713   -0.35 0.00  0.35-0.00 -0.00 0.00    0.00-0.30  0.00 0.30 -0.00-0.00   -0.14-0.14  0.27 0.27 -0.00-0.00   -0.27-0.27  0.14 0.14 -0.00-0.00    0.00-0.31 -0.00 0.31 -0.00-0.00
 3   1.526491    0.00 0.00  0.00 0.00 -0.43-0.00    0.00-0.00 -0.00-0.00  0.00-0.38    0.00 0.00 -0.00-0.00 -0.34-0.34    0.00 0.00 -0.00-0.00 -0.34-0.34   -0.00 0.00  0.00-0.00  0.00-0.47
 4   1.789481   -0.35 0.00  0.35 0.00  0.00-0.00    0.00-0.32  0.00 0.32  0.00 0.00    0.28 0.28 -0.25-0.25  0.00 0.00    0.25 0.25 -0.28-0.28  0.00 0.00    0.00 0.02 -0.00-0.02  0.00 0.00
 5   2.658374    0.10 0.00 -0.10 0.00 -0.00 0.00    0.00 0.05  0.00-0.05  0.00 0.00   -0.15-0.15 -0.29-0.29 -0.00-0.00    0.29 0.29  0.15 0.15 -0.00-0.00    0.00-0.52 -0.00 0.52  0.00-0.00
 6   2.766148   -0.06 0.00 -0.06-0.00  0.00 0.00   -0.00-0.28 -0.00-0.28  0.00-0.00   -0.12-0.12 -0.07-0.07  0.00 0.00   -0.07-0.07 -0.12-0.12  0.00 0.00   -0.00-0.62 -0.00-0.62  0.00 0.00
 7   3.471090    0.00 0.00  0.00-0.00 -0.00 0.00   -0.00-0.00  0.00-0.00  0.00 0.00    0.00-0.00  0.00-0.00  0.69-0.14    0.00-0.00  0.00 0.00 -0.69 0.14    0.00 0.00 -0.00-0.00  0.00 0.00
 8   3.700534    0.00 0.00  0.00 0.00  0.89 0.00   -0.00-0.00 -0.00-0.00  0.00-0.23    0.00 0.00 -0.00-0.00 -0.20-0.20   -0.00-0.00  0.00 0.00 -0.20-0.20   -0.00 0.00 -0.00 0.00  0.00-0.07
 9   3.853112    0.66 0.00  0.66 0.00 -0.00-0.00   -0.00-0.23 -0.00-0.23 -0.00 0.00    0.06 0.06 -0.03-0.03  0.00 0.00   -0.03-0.03  0.06 0.06  0.00 0.00   -0.00 0.02 -0.00 0.02 -0.00 0.00
10   4.640008   -0.09 0.00 -0.09-0.00 -0.00 0.00    0.00-0.16 -0.00-0.16  0.00 0.00   -0.07-0.07 -0.46-0.46  0.00 0.00   -0.46-0.46 -0.07-0.07  0.00 0.00   -0.00 0.21 -0.00 0.21  0.00-0.00
11   5.206975   -0.38 0.00  0.38 0.00  0.00-0.00   -0.00 0.14 -0.00-0.14 -0.00-0.00   -0.31-0.31 -0.16-0.16  0.00 0.00    0.16 0.16  0.31 0.31  0.00 0.00   -0.00 0.30  0.00-0.30 -0.00-0.00
12   6.963482    0.00 0.00  0.00 0.00 -0.12 0.00    0.00-0.00 -0.00 0.00  0.00 0.35   -0.00-0.00 -0.00-0.00 -0.30-0.30    0.00 0.00  0.00 0.00 -0.30-0.30   -0.00 0.00  0.00-0.00  0.00 0.70
13g 10.623174    0.03 0.00  0.03-0.00  0.00 0.00    0.00 0.31  0.00 0.31  0.00-0.00    0.38 0.38 -0.17-0.17  0.00 0.00   -0.17-0.17  0.38 0.38  0.00 0.00   -0.00-0.25 -0.00-0.25  0.00-0.00
14  11.299913    0.32 0.00 -0.32 0.00  0.00-0.00   -0.00-0.53 -0.00 0.53 -0.00-0.00   -0.18-0.18 -0.08-0.08  0.00 0.00    0.08 0.08  0.18 0.18  0.00 0.00    0.00 0.19  0.00-0.19 -0.00-0.00
15G 22.465350   -0.22-0.00 -0.22 0.00  0.00-0.00    0.00-0.50 -0.00-0.50 -0.00-0.00    0.29 0.29  0.09 0.09 -0.00-0.00    0.09 0.09  0.29 0.29 -0.00-0.00   -0.00 0.12 -0.00 0.12 -0.00 0.00
0.50 0.00 0.00 $ tail -225 perovskite-X_o_DS1_DDB     | ./diagonalize15x15
 1c -2.246328    -0.000  0.000 -0.000     0.000  0.804 -0.000    -0.000 -0.000 -0.000     0.000 -0.560  0.000     0.000 -0.200  0.000
 2c -2.246320    -0.000 -0.000 -0.000    -0.000 -0.000 -0.804    -0.000  0.000  0.000     0.000  0.000  0.200    -0.000  0.000  0.560
 3   1.729426    -0.000 -0.000 -0.000     0.000  0.483 -0.000    -0.000 -0.000  0.000     0.000  0.419 -0.000     0.000  0.769 -0.000
 4   1.729438     0.000  0.000  0.000    -0.000  0.000  0.483     0.000  0.000 -0.000    -0.000  0.000  0.769    -0.000  0.000  0.419
 5   3.149236     0.000 -0.004  0.920    -0.000  0.000 -0.000     0.000 -0.002  0.392    -0.000 -0.000 -0.000    -0.000  0.000 -0.000
 6   3.149236    -0.000  0.920  0.004    -0.000  0.000 -0.000    -0.000  0.392  0.002    -0.000  0.000 -0.000    -0.000  0.000 -0.000
 7   3.367728     0.000 -0.000 -0.000    -0.398  0.000 -0.000    -0.000 -0.000  0.000    -0.649 -0.000 -0.000    -0.649  0.000 -0.000
 8   3.580533    -0.000  0.000 -0.000    -0.000  0.000  0.000     0.000  0.000 -0.000    -0.707 -0.000  0.000     0.707  0.000  0.000
 9   3.878936    -0.000  0.392 -0.007    -0.000 -0.000 -0.000    -0.000 -0.920  0.016    -0.000  0.000 -0.000    -0.000 -0.000  0.000
10   3.878936    -0.000  0.007  0.392    -0.000 -0.000 -0.000    -0.000 -0.016 -0.920    -0.000 -0.000 -0.000    -0.000 -0.000 -0.000
11   5.797159     0.913  0.000 -0.000    -0.000  0.000 -0.000     0.408 -0.000 -0.000     0.000 -0.000 -0.000     0.000  0.000  0.000
12   6.836917    -0.000 -0.000  0.000    -0.000 -0.000  0.347    -0.000  0.000 -0.000     0.000 -0.000 -0.607    -0.000  0.000  0.715
13   6.836937    -0.000  0.000 -0.000     0.000 -0.347 -0.000    -0.000 -0.000  0.000     0.000 -0.715  0.000     0.000  0.607 -0.000
14  15.338492    -0.408  0.000 -0.000    -0.000  0.000 -0.000     0.913 -0.000  0.000     0.000  0.000 -0.000     0.000 -0.000  0.000
15b 19.590768     0.000 -0.000  0.000    -0.917 -0.000 -0.000    -0.000 -0.000 -0.000     0.282 -0.000  0.000     0.282  0.000 -0.000
