0.00 0.00 0.00 $ tail -324 perovskite-Gamma_o_DS3_DDB | ../diagonalize15x15
 1a -1.947585     0.000 -0.560  0.000     0.000 -0.542  0.000    -0.000  0.370 -0.000    -0.000  0.346 -0.000    -0.000  0.370 -0.000
 2a -1.947579     0.560  0.000  0.007     0.542  0.000  0.007    -0.346 -0.000 -0.005    -0.370 -0.000 -0.005    -0.370 -0.000 -0.004
 3a -1.947579     0.007 -0.000 -0.560     0.007 -0.000 -0.542    -0.004  0.000  0.370    -0.005  0.000  0.370    -0.005  0.000  0.346
 4  -0.018096     0.000 -0.432  0.000     0.000 -0.454  0.000     0.000 -0.452  0.000     0.000 -0.446  0.000     0.000 -0.452  0.000
 5  -0.018093    -0.432 -0.000  0.003    -0.454 -0.000  0.003    -0.446 -0.000  0.003    -0.452 -0.000  0.003    -0.452 -0.000  0.003
 6  -0.018093    -0.003 -0.000 -0.432    -0.003 -0.000 -0.454    -0.003 -0.000 -0.452    -0.003 -0.000 -0.452    -0.003 -0.000 -0.446
 7   1.347726    -0.689  0.000  0.003     0.692 -0.000 -0.003    -0.189 -0.000 -0.000     0.074  0.000 -0.000     0.074 -0.000  0.001
 8   1.347726    -0.003 -0.000 -0.689     0.003  0.000  0.692    -0.001  0.000  0.074     0.000 -0.000  0.074     0.000  0.000 -0.189
 9   1.347727     0.000  0.689 -0.000    -0.000 -0.692  0.000     0.000 -0.074  0.000    -0.000  0.189  0.000    -0.000 -0.074 -0.000
10   1.607056    -0.000 -0.000  0.000     0.000  0.000 -0.000     0.000  0.000  0.000     0.707 -0.000 -0.000    -0.707 -0.000  0.000
11   1.607056     0.000  0.000  0.000    -0.000 -0.000 -0.000     0.000 -0.000  0.707    -0.000  0.000 -0.707     0.000  0.000 -0.000
12   1.607056     0.000 -0.000  0.000    -0.000  0.000 -0.000     0.000  0.707  0.000    -0.000 -0.000 -0.000     0.000 -0.707  0.000
13   7.581577    -0.000 -0.000  0.161     0.000  0.000 -0.143     0.000 -0.000  0.392    -0.000  0.000  0.392    -0.000 -0.000 -0.804
14   7.581577    -0.161 -0.000 -0.000     0.143  0.000  0.000     0.804 -0.000 -0.000    -0.392  0.000 -0.000    -0.392 -0.000  0.000
15   7.581584     0.000 -0.161 -0.000    -0.000  0.143  0.000    -0.000 -0.392 -0.000     0.000  0.804 -0.000     0.000 -0.392  0.000
0.50 0.50 0.00 $ tail -225 perovskite-M_o_DS1_DDB     | ../diagonalize15x15
 1  -0.127775     0.000  0.000  0.000     0.000  0.000 -0.000     0.000  0.707 -0.000    -0.707 -0.000  0.000    -0.000 -0.000  0.000
 2  -0.103277     0.000  0.873 -0.000     0.284  0.000 -0.000    -0.000 -0.000 -0.000     0.000  0.000  0.000    -0.398 -0.000  0.000
 3  -0.103266     0.873 -0.000  0.000    -0.000  0.284  0.000     0.000 -0.000 -0.000     0.000 -0.000 -0.000     0.000 -0.398 -0.000
 4d  0.156437     0.000 -0.000  0.000    -0.000  0.000 -0.986    -0.000  0.000 -0.000     0.000 -0.000 -0.000     0.000 -0.000  0.170
 5   0.416356    -0.000  0.000  1.000     0.000  0.000  0.000     0.000 -0.000  0.000    -0.000 -0.000  0.000    -0.000  0.000 -0.000
 6   1.886692    -0.304  0.000  0.000     0.000 -0.321  0.000    -0.000  0.000  0.000    -0.000  0.000  0.000     0.000 -0.897 -0.000
 7   1.886693    -0.000 -0.304  0.000    -0.321 -0.000 -0.000     0.000  0.000  0.000    -0.000 -0.000 -0.000    -0.897 -0.000 -0.000
 8   2.885383    -0.000 -0.000  0.000    -0.000 -0.000  0.000    -0.000 -0.000 -1.000     0.000  0.000 -0.003     0.000 -0.000 -0.000
 9   2.885383    -0.000  0.000  0.000     0.000 -0.000  0.000     0.000  0.000  0.003    -0.000 -0.000 -1.000    -0.000 -0.000 -0.000
10   5.218466     0.000 -0.000 -0.000    -0.000  0.000 -0.170    -0.000  0.000  0.000     0.000 -0.000  0.000     0.000  0.000 -0.986
11   5.984651     0.000 -0.000 -0.000     0.000 -0.000 -0.000    -0.000 -0.707 -0.000    -0.707  0.000 -0.000    -0.000  0.000 -0.000
12   6.555282    -0.000  0.000 -0.000    -0.000 -0.000  0.000     0.707 -0.000 -0.000    -0.000 -0.707  0.000     0.000 -0.000  0.000
13e 17.149528    -0.382 -0.000 -0.000     0.000  0.904 -0.000     0.000 -0.000  0.000    -0.000  0.000 -0.000    -0.000 -0.194 -0.000
14e 17.149537    -0.000  0.382  0.000    -0.904  0.000  0.000     0.000 -0.000  0.000    -0.000  0.000  0.000     0.194 -0.000  0.000
15  18.292382     0.000 -0.000  0.000     0.000 -0.000 -0.000     0.707 -0.000  0.000    -0.000  0.707 -0.000    -0.000  0.000 -0.000
0.50 0.50 0.50 $ tail -225 perovskite-R_o_DS1_DDB     | ../diagonalize15x15
 1  -0.250071    -0.000  0.000 -0.000    -0.000 -0.000  0.000     0.000  0.003 -0.707    -0.003 -0.000  0.000     0.707 -0.000 -0.000
 2  -0.250071    -0.000 -0.000  0.000    -0.000  0.000 -0.000     0.000 -0.707 -0.003     0.707 -0.000 -0.002     0.003  0.002 -0.000
 3  -0.250071    -0.000 -0.000 -0.000    -0.000  0.000 -0.000     0.000 -0.002 -0.000     0.002 -0.000  0.707     0.000 -0.707 -0.000
 4   0.643472    -0.900  0.180  0.000     0.000  0.000  0.000     0.000 -0.000 -0.055    -0.000  0.000  0.276    -0.055  0.276  0.000
 5   0.643472     0.180  0.900 -0.000     0.000 -0.000 -0.000    -0.000  0.000 -0.276     0.000 -0.000 -0.055    -0.276 -0.055 -0.000
 6   0.643487     0.000  0.000  0.917     0.000  0.000 -0.000    -0.000 -0.282 -0.000    -0.282  0.000 -0.000    -0.000 -0.000  0.000
 7   5.054335     0.000  0.000 -0.398    -0.000  0.000 -0.000    -0.000 -0.649  0.000    -0.649  0.000  0.000     0.000  0.000  0.000
 8   5.054350    -0.072  0.392 -0.000     0.000  0.000  0.000     0.000 -0.000  0.638    -0.000 -0.000 -0.117     0.638 -0.117 -0.000
 9   5.054350     0.392  0.072  0.000     0.000 -0.000 -0.000    -0.000  0.000  0.117     0.000  0.000  0.638     0.117  0.638  0.000
10   5.635329     0.000 -0.000  0.000     0.000 -0.000  0.000     0.000 -0.000 -0.000    -0.000  0.707  0.000    -0.000  0.000 -0.707
11   5.635329     0.000 -0.000 -0.000    -0.000 -0.000 -0.000     0.816 -0.000 -0.000    -0.000 -0.408  0.000    -0.000  0.000 -0.408
12f 14.787627    -0.000 -0.000 -0.000     0.707 -0.500 -0.500    -0.000 -0.000 -0.000    -0.000  0.000 -0.000    -0.000 -0.000  0.000
13f 14.787627     0.000  0.000  0.000     0.000  0.707 -0.707     0.000  0.000 -0.000     0.000  0.000 -0.000    -0.000  0.000  0.000
14f 14.787627    -0.000  0.000  0.000    -0.707 -0.500 -0.500     0.000  0.000  0.000     0.000  0.000 -0.000     0.000 -0.000  0.000
15  20.076150    -0.000 -0.000 -0.000    -0.000 -0.000 -0.000    -0.577  0.000  0.000     0.000 -0.577 -0.000     0.000 -0.000 -0.577
0.25 0.25 0.00 $ tail -225 perovskite-Sigma_o_DS1_DDB | ../diagonalize15x15
 1  -0.772597    0.00 0.00 -0.00-0.00 -0.63 0.00   -0.00 0.00 -0.00-0.00 -0.00-0.64   -0.00-0.00  0.00 0.00  0.18 0.18   -0.00-0.00  0.00 0.00  0.18 0.18    0.00-0.00  0.00 0.00  0.00 0.24
 2  -0.755533   -0.56 0.00  0.56-0.00 -0.00 0.00   -0.00-0.21  0.00 0.21 -0.00-0.00    0.08 0.08 -0.18-0.18  0.00 0.00    0.18 0.18 -0.08-0.08  0.00 0.00    0.00 0.25 -0.00-0.25  0.00 0.00
 3   0.603437    0.27 0.00 -0.27 0.00  0.00-0.00    0.00 0.22 -0.00-0.22 -0.00-0.00    0.13 0.13 -0.40-0.40 -0.00-0.00    0.40 0.40 -0.13-0.13 -0.00-0.00    0.00 0.14 -0.00-0.14 -0.00-0.00
 4   0.820413   -0.00 0.00 -0.00-0.00  0.62-0.00   -0.00-0.00 -0.00 0.00 -0.00-0.74   -0.00-0.00  0.00 0.00 -0.12-0.12   -0.00-0.00  0.00 0.00 -0.12-0.12   -0.00-0.00 -0.00-0.00  0.00 0.05
 5g  0.994773    0.62 0.00  0.62-0.00  0.00-0.00   -0.00-0.19 -0.00-0.19 -0.00-0.00    0.06 0.06 -0.10-0.10 -0.00-0.00   -0.10-0.10  0.06 0.06 -0.00-0.00   -0.00 0.24 -0.00 0.24  0.00 0.00
 6   1.199381    0.00 0.00  0.00-0.00 -0.44 0.00   -0.00-0.00 -0.00-0.00 -0.00-0.16    0.00 0.00  0.00 0.00 -0.37-0.37   -0.00-0.00 -0.00-0.00 -0.37-0.37    0.00 0.00 -0.00-0.00 -0.00-0.49
 7   1.466980   -0.10 0.00  0.10 0.00 -0.00 0.00    0.00-0.16 -0.00 0.16 -0.00-0.00   -0.08-0.08 -0.21-0.21 -0.00-0.00    0.21 0.21  0.08 0.08 -0.00-0.00    0.00-0.60 -0.00 0.60 -0.00-0.00
 8   1.987421   -0.15 0.00 -0.15-0.00  0.00 0.00   -0.00 0.30 -0.00 0.30 -0.00-0.00    0.08 0.08  0.03 0.03 -0.00-0.00    0.03 0.03  0.08 0.08 -0.00-0.00   -0.00 0.61 -0.00 0.61 -0.00-0.00
 9   2.284213    0.00 0.00  0.00 0.00 -0.00 0.00   -0.00-0.00 -0.00-0.00  0.00 0.00    0.00 0.00 -0.00-0.00  0.70 0.12   -0.00-0.00 -0.00-0.00 -0.70-0.12   -0.00-0.00 -0.00-0.00 -0.00-0.00
10   3.776284    0.20 0.00  0.20-0.00  0.00-0.00    0.00 0.14  0.00 0.14  0.00-0.00    0.08 0.08  0.46 0.46 -0.00-0.00    0.46 0.46  0.08 0.08 -0.00-0.00    0.00-0.09  0.00-0.09 -0.00 0.00
11   6.512492   -0.14 0.00  0.14 0.00  0.00-0.00   -0.00 0.31  0.00-0.31 -0.00-0.00   -0.42-0.42 -0.08-0.08  0.00 0.00    0.08 0.08  0.42 0.42  0.00 0.00   -0.00 0.11  0.00-0.11 -0.00-0.00
12   6.695582   -0.00 0.00  0.00 0.00 -0.11 0.00    0.00 0.00 -0.00-0.00  0.00 0.13   -0.00-0.00 -0.00-0.00 -0.26-0.26    0.00 0.00  0.00 0.00 -0.26-0.26    0.00 0.00 -0.00-0.00  0.00 0.84
13   9.736208    0.28-0.00 -0.28 0.00  0.00-0.00   -0.00-0.54 -0.00 0.54  0.00-0.00   -0.20-0.20 -0.08-0.08  0.00 0.00    0.08 0.08  0.20 0.20  0.00 0.00    0.00 0.20  0.00-0.20  0.00-0.00
14   9.946377   -0.09 0.00 -0.09 0.00 -0.00-0.00   -0.00-0.38 -0.00-0.38  0.00 0.00   -0.34-0.34  0.16 0.16 -0.00-0.00    0.16 0.16 -0.34-0.34 -0.00-0.00    0.00 0.24  0.00 0.24 -0.00 0.00
15  22.419071   -0.21 0.00 -0.21 0.00 -0.00-0.00   -0.00-0.46 -0.00-0.46  0.00 0.00    0.34 0.34  0.06 0.06 -0.00-0.00    0.06 0.06  0.34 0.34 -0.00-0.00    0.00 0.08  0.00 0.08 -0.00 0.00
0.50 0.00 0.00 $ tail -225 perovskite-X_o_DS1_DDB     | ../diagonalize15x15
 1c -0.173178     0.000  0.000  0.000    -0.000  0.000  0.823     0.000 -0.000 -0.000     0.000 -0.000 -0.433     0.000 -0.000 -0.368
 2c -0.173152     0.000 -0.000 -0.000    -0.000 -0.823  0.000     0.000  0.000  0.000    -0.000  0.368 -0.000    -0.000  0.433 -0.000
 3   0.013553     0.000 -0.001 -0.941    -0.000  0.000  0.000     0.000  0.001  0.339     0.000 -0.000 -0.000    -0.000 -0.000 -0.000
 4   0.013553     0.000  0.941 -0.001     0.000 -0.000 -0.000     0.000 -0.339  0.001     0.000  0.000  0.000    -0.000  0.000  0.000
 5   0.940812     0.000  0.000  0.000    -0.000 -0.556 -0.000     0.000  0.000 -0.000    -0.000 -0.358 -0.000     0.000 -0.750 -0.000
 6   0.940841     0.000  0.000 -0.000     0.000  0.000 -0.556    -0.000  0.000  0.000    -0.000  0.000 -0.750     0.000  0.000 -0.358
 7   2.240821     0.000 -0.000 -0.000     0.000  0.000  0.000    -0.000 -0.000  0.000    -0.707 -0.000  0.000     0.707  0.000  0.000
 8   2.668836    -0.000  0.000  0.000    -0.364  0.000 -0.000    -0.000  0.000  0.000    -0.659  0.000 -0.000    -0.659 -0.000 -0.000
 9   2.798289    -0.000  0.002  0.339     0.000 -0.000  0.000    -0.000  0.004  0.941     0.000  0.000  0.000     0.000  0.000  0.000
10   2.798289     0.000  0.339 -0.002     0.000  0.000  0.000     0.000  0.941 -0.004     0.000  0.000  0.000     0.000  0.000  0.000
11b  4.014886     0.949 -0.000  0.000    -0.000  0.000  0.000     0.316 -0.000  0.000    -0.000  0.000  0.000    -0.000  0.000  0.000
12   6.572402     0.000  0.000  0.000     0.000  0.000 -0.121     0.000  0.000 -0.000    -0.000  0.000  0.499     0.000 -0.000 -0.858
13   6.572404     0.000 -0.000  0.000     0.000  0.121  0.000    -0.000  0.000 -0.000    -0.000  0.858 -0.000     0.000 -0.499  0.000
14  16.444519    -0.316 -0.000 -0.000    -0.000  0.000 -0.000     0.949  0.000  0.000     0.000  0.000 -0.000     0.000 -0.000  0.000
15  17.972703     0.000 -0.000  0.000    -0.931  0.000 -0.000    -0.000 -0.000 -0.000     0.258  0.000  0.000     0.258 -0.000 -0.000
